<?xml version="1.0" encoding="UTF-8"?>
<geonet>

	<default>
		<language>eng</language>

		<gui removeAtt="somedata">
			<xml name="strings" file="xml/strings.xml" />
			<xml name="countries" file="xml/countries.xml" />
			<xml name="countries2" file="xml/countries.xml" />
            <toRemove/>
		</gui>
	</default>
    <toRemove/>

	<!-- ====================================================================== -->

	<resources>
		<resource enabled="false">
			<name>main-db</name>
			<provider>jeeves.resources.dbms.DbmsPool</provider>
			<config>
				<user>admin</user>
				<password>admin</password>
				<driver>com.mysql.jdbc.Driver</driver>
				<url>jdbc:mysql://$WEBSERVER_HOST/geonetwork</url>
				<poolSize>10</poolSize>
				<reconnectTime>3600</reconnectTime>
			</config>
		</resource>

		<!-- - - - - - - - - - - - - - - - - - - - - - - - - - - - - - - -->
		<!-- oracle -->
		<!-- - - - - - - - - - - - - - - - - - - - - - - - - - - - - - - -->

		<resource enabled="false">
			<name>main-db</name>
			<provider>jeeves.resources.dbms.DbmsPool</provider>
			<config>
				<user>admin</user>
				<password>admin</password>
				<driver>oracle.jdbc.driver.OracleDriver</driver>
				<url>jdbc:oracle:thin:@IP:1521:fs</url>
				<poolSize>10</poolSize>
			</config>
		</resource>
	</resources>

</geonet>
